proguard/seeds.txt
co.epitre.aelf_lectures.LecturesActivity
co.epitre.aelf_lectures.LecturesActivity: LecturesActivity()
co.epitre.aelf_lectures.R$array: int spinner
co.epitre.aelf_lectures.R$attr: int actionBarDivider
co.epitre.aelf_lectures.R$attr: int actionBarItemBackground
co.epitre.aelf_lectures.R$attr: int actionBarSize
co.epitre.aelf_lectures.R$attr: int actionBarSplitStyle
co.epitre.aelf_lectures.R$attr: int actionBarStyle
co.epitre.aelf_lectures.R$attr: int actionBarTabBarStyle
co.epitre.aelf_lectures.R$attr: int actionBarTabStyle
co.epitre.aelf_lectures.R$attr: int actionBarTabTextStyle
co.epitre.aelf_lectures.R$attr: int actionBarWidgetTheme
co.epitre.aelf_lectures.R$attr: int actionButtonStyle
co.epitre.aelf_lectures.R$attr: int actionDropDownStyle
co.epitre.aelf_lectures.R$attr: int actionMenuTextAppearance
co.epitre.aelf_lectures.R$attr: int actionMenuTextColor
co.epitre.aelf_lectures.R$attr: int actionModeBackground
co.epitre.aelf_lectures.R$attr: int actionModeCloseButtonStyle
co.epitre.aelf_lectures.R$attr: int actionModeCloseDrawable
co.epitre.aelf_lectures.R$attr: int actionModePopupWindowStyle
co.epitre.aelf_lectures.R$attr: int actionModeShareDrawable
co.epitre.aelf_lectures.R$attr: int actionModeSplitBackground
co.epitre.aelf_lectures.R$attr: int actionModeStyle
co.epitre.aelf_lectures.R$attr: int actionOverflowButtonStyle
co.epitre.aelf_lectures.R$attr: int actionSpinnerItemStyle
co.epitre.aelf_lectures.R$attr: int activatedBackgroundIndicator
co.epitre.aelf_lectures.R$attr: int activityChooserViewStyle
co.epitre.aelf_lectures.R$attr: int background
co.epitre.aelf_lectures.R$attr: int backgroundSplit
co.epitre.aelf_lectures.R$bool: int abs__action_bar_embed_tabs
co.epitre.aelf_lectures.R$bool: int abs__action_bar_expanded_action_views_exclusive
co.epitre.aelf_lectures.R$bool: int abs__config_actionMenuItemAllCaps
co.epitre.aelf_lectures.R$bool: int abs__config_allowActionMenuItemTextWithIcon
co.epitre.aelf_lectures.R$bool: int abs__config_showMenuShortcutsWhenKeyboardPresent
co.epitre.aelf_lectures.R$bool: int abs__split_action_bar_is_narrow
co.epitre.aelf_lectures.R$color: int abs__background_holo_dark
co.epitre.aelf_lectures.R$color: int abs__background_holo_light
co.epitre.aelf_lectures.R$color: int abs__bright_foreground_disabled_holo_dark
co.epitre.aelf_lectures.R$color: int abs__bright_foreground_disabled_holo_light
co.epitre.aelf_lectures.R$color: int abs__bright_foreground_holo_dark
co.epitre.aelf_lectures.R$color: int abs__bright_foreground_holo_light
co.epitre.aelf_lectures.R$color: int abs__primary_text_disable_only_holo_dark
co.epitre.aelf_lectures.R$color: int abs__primary_text_disable_only_holo_light
co.epitre.aelf_lectures.R$color: int abs__primary_text_holo_dark
co.epitre.aelf_lectures.R$color: int abs__primary_text_holo_light
co.epitre.aelf_lectures.R$dimen: int abs__action_bar_default_height
co.epitre.aelf_lectures.R$dimen: int abs__action_bar_icon_vertical_padding
co.epitre.aelf_lectures.R$dimen: int abs__action_bar_subtitle_bottom_margin
co.epitre.aelf_lectures.R$dimen: int abs__action_bar_subtitle_text_size
co.epitre.aelf_lectures.R$dimen: int abs__action_bar_subtitle_top_margin
co.epitre.aelf_lectures.R$dimen: int abs__action_bar_title_text_size
co.epitre.aelf_lectures.R$dimen: int abs__action_button_min_width
co.epitre.aelf_lectures.R$dimen: int abs__config_prefDialogWidth
co.epitre.aelf_lectures.R$dimen: int abs__dialog_min_width_major
co.epitre.aelf_lectures.R$dimen: int abs__dialog_min_width_minor
co.epitre.aelf_lectures.R$dimen: int abs__dropdownitem_icon_width
co.epitre.aelf_lectures.R$dimen: int abs__dropdownitem_text_padding_left
co.epitre.aelf_lectures.R$dimen: int abs__dropdownitem_text_padding_right
co.epitre.aelf_lectures.R$dimen: int abs__search_view_preferred_width
co.epitre.aelf_lectures.R$dimen: int abs__search_view_text_min_width
co.epitre.aelf_lectures.R$dimen: int activity_horizontal_margin
co.epitre.aelf_lectures.R$dimen: int activity_vertical_margin
...
com.actionbarsherlock.internal.widget.ScrollingTabContainerView$TabView
com.actionbarsherlock.internal.widget.ScrollingTabContainerView$TabView: com.actionbarsherlock.internal.widget.ScrollingTabContainerView mParent
com.actionbarsherlock.internal.widget.ScrollingTabContainerView$TabView: com.actionbarsherlock.app.ActionBar$Tab mTab
com.actionbarsherlock.internal.widget.ScrollingTabContainerView$TabView: com.actionbarsherlock.internal.widget.CapitalizingTextView mTextView
com.actionbarsherlock.internal.widget.ScrollingTabContainerView$TabView: android.widget.ImageView mIconView
com.actionbarsherlock.internal.widget.ScrollingTabContainerView$TabView: android.view.View mCustomView
com.actionbarsherlock.internal.widget.ScrollingTabContainerView$TabView: ScrollingTabContainerView$TabView(android.content.Context,android.util.AttributeSet)
com.actionbarsherlock.internal.widget.ScrollingTabContainerView$TabView: void init(com.actionbarsherlock.internal.widget.ScrollingTabContainerView,com.actionbarsherlock.app.ActionBar$Tab,boolean)
com.actionbarsherlock.internal.widget.ScrollingTabContainerView$TabView: void bindTab(com.actionbarsherlock.app.ActionBar$Tab)
com.actionbarsherlock.internal.widget.ScrollingTabContainerView$TabView: void onMeasure(int,int)
com.actionbarsherlock.internal.widget.ScrollingTabContainerView$TabView: void update()
com.actionbarsherlock.internal.widget.ScrollingTabContainerView$TabView: com.actionbarsherlock.app.ActionBar$Tab getTab()
com.actionbarsherlock.internal.widget.ScrollingTabContainerView$VisibilityAnimListener
com.actionbarsherlock.internal.widget.ScrollingTabContainerView$VisibilityAnimListener: boolean mCanceled
com.actionbarsherlock.internal.widget.ScrollingTabContainerView$VisibilityAnimListener: int mFinalVisibility
com.actionbarsherlock.internal.widget.ScrollingTabContainerView$VisibilityAnimListener: com.actionbarsherlock.internal.widget.ScrollingTabContainerView this$0
com.actionbarsherlock.internal.widget.ScrollingTabContainerView$VisibilityAnimListener: ScrollingTabContainerView$VisibilityAnimListener(com.actionbarsherlock.internal.widget.ScrollingTabContainerView)
com.actionbarsherlock.internal.widget.ScrollingTabContainerView$VisibilityAnimListener: com.actionbarsherlock.internal.widget.ScrollingTabContainerView$VisibilityAnimListener withFinalVisibility(int)
com.actionbarsherlock.internal.widget.ScrollingTabContainerView$VisibilityAnimListener: void onAnimationStart(com.actionbarsherlock.internal.nineoldandroids.animation.Animator)
com.actionbarsherlock.internal.widget.ScrollingTabContainerView$VisibilityAnimListener: void onAnimationEnd(com.actionbarsherlock.internal.nineoldandroids.animation.Animator)
com.actionbarsherlock.internal.widget.ScrollingTabContainerView$VisibilityAnimListener: void onAnimationCancel(com.actionbarsherlock.internal.nineoldandroids.animation.Animator)
com.actionbarsherlock.internal.widget.TabsLinearLayout
com.actionbarsherlock.internal.widget.TabsLinearLayout: int[] R_styleable_LinearLayout
com.actionbarsherlock.internal.widget.TabsLinearLayout: int LinearLayout_measureWithLargestChild
com.actionbarsherlock.internal.widget.TabsLinearLayout: boolean mUseLargestChild
com.actionbarsherlock.internal.widget.TabsLinearLayout: void <clinit>()
com.actionbarsherlock.internal.widget.TabsLinearLayout: TabsLinearLayout(android.content.Context,android.util.AttributeSet)
com.actionbarsherlock.internal.widget.TabsLinearLayout: boolean isMeasureWithLargestChildEnabled()
com.actionbarsherlock.internal.widget.TabsLinearLayout: void setMeasureWithLargestChildEnabled(boolean)
com.actionbarsherlock.internal.widget.TabsLinearLayout: void onMeasure(int,int)
com.actionbarsherlock.internal.widget.TabsLinearLayout: void useLargestChildHorizontal()