proguard/mapping.txt
co.epitre.aelf_lectures.AboutDialogFragment -> co.epitre.aelf_lectures.a:
    android.app.Dialog onCreateDialog(android.os.Bundle) -> onCreateDialog
co.epitre.aelf_lectures.AboutDialogFragment$1 -> co.epitre.aelf_lectures.b:
    co.epitre.aelf_lectures.AboutDialogFragment this$0 -> a
    void onClick(android.content.DialogInterface,int) -> onClick
co.epitre.aelf_lectures.DatePickerFragment -> co.epitre.aelf_lectures.c:
    co.epitre.aelf_lectures.DatePickerFragment$CalendarDialogListener mListener -> a
    void onAttach(android.app.Activity) -> onAttach
    android.app.Dialog onCreateDialog(android.os.Bundle) -> onCreateDialog
    void onClick(android.content.DialogInterface,int) -> onClick
    void onDateSet(android.widget.DatePicker,int,int,int) -> onDateSet
co.epitre.aelf_lectures.DatePickerFragment$CalendarDialogListener -> co.epitre.aelf_lectures.d:
    void onCalendarDialogPicked(int,int,int) -> a
co.epitre.aelf_lectures.LectureFragment -> co.epitre.aelf_lectures.e:
    android.view.View onCreateView(android.view.LayoutInflater,android.view.ViewGroup,android.os.Bundle) -> onCreateView
co.epitre.aelf_lectures.LecturesActivity -> co.epitre.aelf_lectures.LecturesActivity:
    co.epitre.aelf_lectures.data.LecturesController lecturesCtrl -> a
    co.epitre.aelf_lectures.SectionsPagerAdapterFragment mSectionsPagerAdapter -> b
    co.epitre.aelf_lectures.WhatWhen whatwhen -> c
    com.actionbarsherlock.view.Menu mMenu -> d
    java.util.List networkError -> e
    android.accounts.Account mAccount -> f
    android.support.v4.view.ViewPager mViewPager -> g
    void onCreate(android.os.Bundle) -> onCreate
    boolean onAbout(com.actionbarsherlock.view.MenuItem) -> a
    boolean onCalendar(com.actionbarsherlock.view.MenuItem) -> b
    void onCalendarDialogPicked(int,int,int) -> a
    boolean onNavigationItemSelected(int,long) -> onNavigationItemSelected
    boolean onCreateOptionsMenu(com.actionbarsherlock.view.Menu) -> onCreateOptionsMenu
    boolean onOptionsItemSelected(com.actionbarsherlock.view.MenuItem) -> onOptionsItemSelected
    android.accounts.Account CreateSyncAccount(android.content.Context) -> a
co.epitre.aelf_lectures.LecturesActivity$DownloadXmlTask -> co.epitre.aelf_lectures.f:
    co.epitre.aelf_lectures.LecturesActivity this$0 -> a
    java.util.List doInBackground(co.epitre.aelf_lectures.WhatWhen[]) -> a
    void onPostExecute(java.util.List) -> a
    void onPostExecute(java.lang.Object) -> onPostExecute
    java.lang.Object doInBackground(java.lang.Object[]) -> doInBackground
co.epitre.aelf_lectures.SectionsPagerAdapterFragment -> co.epitre.aelf_lectures.g:
    java.util.List mlectures -> a
    android.support.v4.app.Fragment getItem(int) -> getItem
    int getCount() -> getCount
    java.lang.CharSequence getPageTitle(int) -> getPageTitle
co.epitre.aelf_lectures.SupportDatePickerDialog -> co.epitre.aelf_lectures.h:
    java.util.Calendar mCalendar -> a
    java.text.DateFormat mDateFormat -> b
    java.lang.String[] mWeekDays -> c
    void updateTitle(int,int,int) -> a
    void onDateChanged(android.widget.DatePicker,int,int,int) -> onDateChanged
co.epitre.aelf_lectures.WhatWhen -> co.epitre.aelf_lectures.i:
    co.epitre.aelf_lectures.data.LecturesController$WHAT what -> a
    java.util.GregorianCalendar when -> b
co.epitre.aelf_lectures.data.AelfCacheHelper -> co.epitre.aelf_lectures.a.a:
    long computeKey(java.util.GregorianCalendar) -> a
    void store(co.epitre.aelf_lectures.data.LecturesController$WHAT,java.util.GregorianCalendar,java.util.List) -> a
    java.util.List load(co.epitre.aelf_lectures.data.LecturesController$WHAT,java.util.GregorianCalendar) -> a
    void onCreate(android.database.sqlite.SQLiteDatabase) -> onCreate
    void onUpgrade(android.database.sqlite.SQLiteDatabase,int,int) -> onUpgrade
...
com.actionbarsherlock.internal.view.StandaloneActionMode -> com.actionbarsherlock.internal.view.StandaloneActionMode:
    android.content.Context mContext -> mContext
    com.actionbarsherlock.internal.widget.ActionBarContextView mContextView -> mContextView
    com.actionbarsherlock.view.ActionMode$Callback mCallback -> mCallback
    java.lang.ref.WeakReference mCustomView -> mCustomView
    boolean mFinished -> mFinished
    boolean mFocusable -> mFocusable
    com.actionbarsherlock.internal.view.menu.MenuBuilder mMenu -> mMenu
    void setTitle(java.lang.CharSequence) -> setTitle
    void setSubtitle(java.lang.CharSequence) -> setSubtitle
    void setTitle(int) -> setTitle
    void setSubtitle(int) -> setSubtitle
    void setCustomView(android.view.View) -> setCustomView
    void invalidate() -> invalidate
    void finish() -> finish
    com.actionbarsherlock.view.Menu getMenu() -> getMenu
    java.lang.CharSequence getTitle() -> getTitle
    java.lang.CharSequence getSubtitle() -> getSubtitle
    android.view.View getCustomView() -> getCustomView
    com.actionbarsherlock.view.MenuInflater getMenuInflater() -> getMenuInflater
    boolean onMenuItemSelected(com.actionbarsherlock.internal.view.menu.MenuBuilder,com.actionbarsherlock.view.MenuItem) -> onMenuItemSelected
    void onCloseMenu(com.actionbarsherlock.internal.view.menu.MenuBuilder,boolean) -> onCloseMenu
    boolean onSubMenuSelected(com.actionbarsherlock.internal.view.menu.SubMenuBuilder) -> onSubMenuSelected
com.actionbarsherlock.internal.view.View_HasStateListenerSupport -> com.actionbarsherlock.internal.view.View_HasStateListenerSupport:
    void addOnAttachStateChangeListener(com.actionbarsherlock.internal.view.View_OnAttachStateChangeListener) -> addOnAttachStateChangeListener
    void removeOnAttachStateChangeListener(com.actionbarsherlock.internal.view.View_OnAttachStateChangeListener) -> removeOnAttachStateChangeListener
com.actionbarsherlock.internal.view.View_OnAttachStateChangeListener -> com.actionbarsherlock.internal.view.View_OnAttachStateChangeListener:
    void onViewAttachedToWindow(android.view.View) -> onViewAttachedToWindow
    void onViewDetachedFromWindow(android.view.View) -> onViewDetachedFromWindow
com.actionbarsherlock.internal.view.menu.ActionMenu -> com.actionbarsherlock.internal.view.menu.ActionMenu:
    android.content.Context mContext -> mContext
    boolean mIsQwerty -> mIsQwerty
    java.util.ArrayList mItems -> mItems
    android.content.Context getContext() -> getContext
    com.actionbarsherlock.view.MenuItem add(java.lang.CharSequence) -> add
    com.actionbarsherlock.view.MenuItem add(int) -> add
    com.actionbarsherlock.view.MenuItem add(int,int,int,int) -> add
    com.actionbarsherlock.view.MenuItem add(int,int,int,java.lang.CharSequence) -> add
    int addIntentOptions(int,int,int,android.content.ComponentName,android.content.Intent[],android.content.Intent,int,com.actionbarsherlock.view.MenuItem[]) -> addIntentOptions
    com.actionbarsherlock.view.SubMenu addSubMenu(java.lang.CharSequence) -> addSubMenu
    com.actionbarsherlock.view.SubMenu addSubMenu(int) -> addSubMenu
    com.actionbarsherlock.view.SubMenu addSubMenu(int,int,int,java.lang.CharSequence) -> addSubMenu
    com.actionbarsherlock.view.SubMenu addSubMenu(int,int,int,int) -> addSubMenu
    void clear() -> clear
    void close() -> close
    int findItemIndex(int) -> findItemIndex
    com.actionbarsherlock.view.MenuItem findItem(int) -> findItem
    com.actionbarsherlock.view.MenuItem getItem(int) -> getItem
    boolean hasVisibleItems() -> hasVisibleItems
    com.actionbarsherlock.internal.view.menu.ActionMenuItem findItemWithShortcut(int,android.view.KeyEvent) -> findItemWithShortcut