proguard/usage.txt
co.epitre.aelf_lectures.BuildConfig
co.epitre.aelf_lectures.LectureFragment:
    public static final java.lang.String ARG_DESCRIPTION
    public static final java.lang.String ARG_LONG_TITLE
co.epitre.aelf_lectures.LecturesActivity:
    public static final java.lang.String AUTHORITY
    public static final java.lang.String ACCOUNT_TYPE
    public static final java.lang.String ACCOUNT
    public static final long SYNC_INTERVAL
co.epitre.aelf_lectures.R
co.epitre.aelf_lectures.R$array
co.epitre.aelf_lectures.R$attr
co.epitre.aelf_lectures.R$bool
co.epitre.aelf_lectures.R$color
co.epitre.aelf_lectures.R$dimen
co.epitre.aelf_lectures.R$drawable
co.epitre.aelf_lectures.R$id
co.epitre.aelf_lectures.R$integer
co.epitre.aelf_lectures.R$layout
co.epitre.aelf_lectures.R$menu
co.epitre.aelf_lectures.R$string
co.epitre.aelf_lectures.R$style
co.epitre.aelf_lectures.R$styleable
co.epitre.aelf_lectures.R$xml
co.epitre.aelf_lectures.SupportDatePickerDialog:
    67:74:public SupportDatePickerDialog(android.content.Context,int,android.app.DatePickerDialog$OnDateSetListener,int,int,int)
co.epitre.aelf_lectures.data.AelfCacheHelper:
    private static final int DB_VERSION
    private static final java.lang.String DB_NAME
    private static final java.lang.String DB_TABLE_CREATE
    private static final java.lang.String DB_TABLE_SET
co.epitre.aelf_lectures.data.LectureItem:
    private static final long serialVersionUID
co.epitre.aelf_lectures.data.LecturesController:
    private static final java.lang.String TAG
co.epitre.aelf_lectures.data.LecturesController$WHAT:
    172:172:public int getPosition()
co.epitre.aelf_lectures.sync.Authenticator
co.epitre.aelf_lectures.sync.AuthenticatorService
co.epitre.aelf_lectures.sync.StubProvider:
    private static final java.lang.String TAG
co.epitre.aelf_lectures.sync.SyncAdapter:
    public static final java.lang.String TAG
    36:38:public SyncAdapter(android.content.Context,boolean,boolean)
co.epitre.aelf_lectures.sync.SyncService:
    private static final java.lang.String TAG
...
android.support.v4.view.accessibility.AccessibilityNodeInfoCompatJellyBean
android.support.v4.view.accessibility.AccessibilityNodeInfoCompatJellybeanMr2:
    21:21:AccessibilityNodeInfoCompatJellybeanMr2()
    24:25:public static void setViewIdResourceName(java.lang.Object,java.lang.String)
android.support.v4.view.accessibility.AccessibilityNodeProviderCompatJellyBean:
    28:29:AccessibilityNodeProviderCompatJellyBean()
android.support.v4.view.accessibility.AccessibilityRecordCompat:
    539:539:public java.lang.Object getImpl()
    550:550:public static android.support.v4.view.accessibility.AccessibilityRecordCompat obtain(android.support.v4.view.accessibility.AccessibilityRecordCompat)
    571:572:public void setSource(android.view.View)
    589:590:public void setSource(android.view.View,int)
    605:605:public android.support.v4.view.accessibility.AccessibilityNodeInfoCompat getSource()
    614:614:public int getWindowId()
    623:623:public boolean isChecked()
    634:635:public void setChecked(boolean)
    643:643:public boolean isEnabled()
    654:655:public void setEnabled(boolean)
    663:663:public boolean isPassword()
    674:675:public void setPassword(boolean)
    683:683:public boolean isFullScreen()
    694:695:public void setFullScreen(boolean)
    703:703:public boolean isScrollable()
    723:723:public int getItemCount()
    743:743:public int getCurrentItemIndex()
    754:755:public void setCurrentItemIndex(int)
    766:766:public int getFromIndex()
    790:790:public int getToIndex()
    809:809:public int getScrollX()
    818:819:public void setScrollX(int)
    827:827:public int getScrollY()
    836:837:public void setScrollY(int)
    845:845:public int getMaxScrollX()
    853:854:public void setMaxScrollX(int)
    862:862:public int getMaxScrollY()
    871:872:public void setMaxScrollY(int)
    880:880:public int getAddedCount()
android.support.v4.view.accessibility.AccessibilityRecordCompat$AccessibilityRecordIcsImpl:
    276:276:public java.lang.Object obtain(java.lang.Object)
    281:281:public int getAddedCount(java.lang.Object)
    286:286:public java.lang.CharSequence getBeforeText(java.lang.Object)
    291:291:public java.lang.CharSequence getClassName(java.lang.Object)
    296:296:public java.lang.CharSequence getContentDescription(java.lang.Object)
    301:301:public int getCurrentItemIndex(java.lang.Object)
    306:306:public int getFromIndex(java.lang.Object)
    311:311:public int getItemCount(java.lang.Object)
    316:316:public android.os.Parcelable getParcelableData(java.lang.Object)
    321:321:public int getRemovedCount(java.lang.Object)
    326:326:public int getScrollX(java.lang.Object)
    331:331:public int getScrollY(java.lang.Object)
    336:336:public android.support.v4.view.accessibility.AccessibilityNodeInfoCompat getSource(java.lang.Object)
    342:342:public java.util.List getText(java.lang.Object)
    347:347:public int getToIndex(java.lang.Object)
    352:352:public int getWindowId(java.lang.Object)
    357:357:public boolean isChecked(java.lang.Object)
    362:362:public boolean isEnabled(java.lang.Object)
    367:367:public boolean isFullScreen(java.lang.Object)
    372:372:public boolean isPassword(java.lang.Object)
    377:377:public boolean isScrollable(java.lang.Object)
    382:383:public void recycle(java.lang.Object)
android.support.v4.view.accessibility.AccessibilityRecordCompat$AccessibilityRecordIcsMr1Impl:
    479:479:public int getMaxScrollX(java.lang.Object)
    484:484:public int getMaxScrollY(java.lang.Object)
    489:490:public void setMaxScrollX(java.lang.Object,int)
    494:495:public void setMaxScrollY(java.lang.Object,int)